<?xml version="1.0" encoding="UTF-8"?>
<robot generator="Robot 7.3.2 (Python 3.12.0 on win32)" generated="2025-12-02T16:46:13.322135" rpa="false" schemaversion="5">
<suite id="s1" name="Playwright-Study" source="D:\PythonProjects\AQA\PlayWright\playwright-study">
<suite id="s1-s1" name="Robot-Framework" source="D:\PythonProjects\AQA\PlayWright\playwright-study\robot-framework">
<suite id="s1-s1-s1" name="TestExample" source="D:\PythonProjects\AQA\PlayWright\playwright-study\robot-framework\TestExample.robot">
<test id="s1-s1-s1-t1" name="Print Numbers" line="63">
<kw name="Setup" owner="pytest_robotframework._internal.robot.library" type="SETUP">
<status status="PASS" start="2025-12-02T16:46:13.369003" elapsed="0.000000"/>
</kw>
<kw name="Run Test" owner="pytest_robotframework._internal.robot.library">
<kw name="Catenate" owner="BuiltIn">
<msg time="2025-12-02T16:46:13.374047" level="INFO">${text} = 10 25 7 3 40</msg>
<var>${text}</var>
<arg>@{NUMBERS}</arg>
<doc>Catenates the given items together and returns the resulted string.</doc>
<status status="PASS" start="2025-12-02T16:46:13.374047" elapsed="0.000000"/>
</kw>
<kw name="Log To Console" owner="BuiltIn">
<arg>${text}</arg>
<doc>Logs the given message to the console.</doc>
<status status="PASS" start="2025-12-02T16:46:13.374047" elapsed="0.000000"/>
</kw>
<status status="PASS" start="2025-12-02T16:46:13.369003" elapsed="0.005044"/>
</kw>
<kw name="Teardown" owner="pytest_robotframework._internal.robot.library" type="TEARDOWN">
<msg time="2025-12-02T16:46:13.374047" level="INFO">Error taking screenshot: 'RobotItem' object has no attribute 'funcargs'</msg>
<status status="PASS" start="2025-12-02T16:46:13.374047" elapsed="0.000000"/>
</kw>
<status status="PASS" start="2025-12-02T16:46:13.369003" elapsed="0.005044"/>
</test>
<test id="s1-s1-s1-t2" name="Check Max Value From List Is 40" line="67">
<kw name="Setup" owner="pytest_robotframework._internal.robot.library" type="SETUP">
<status status="PASS" start="2025-12-02T16:46:13.374047" elapsed="0.000000"/>
</kw>
<kw name="Run Test" owner="pytest_robotframework._internal.robot.library">
<kw name="Get Max Value From List">
<kw name="Evaluate" owner="BuiltIn">
<msg time="2025-12-02T16:46:13.374047" level="INFO">${max_value} = 40</msg>
<var>${max_value}</var>
<arg>max([int(x) for x in ${list}])</arg>
<doc>Evaluates the given expression in Python and returns the result.</doc>
<status status="PASS" start="2025-12-02T16:46:13.374047" elapsed="0.000000"/>
</kw>
<return>
<value>${max_value}</value>
<status status="PASS" start="2025-12-02T16:46:13.374047" elapsed="0.000000"/>
</return>
<msg time="2025-12-02T16:46:13.374047" level="INFO">${max_value} = 40</msg>
<var>${max_value}</var>
<arg>@{NUMBERS}</arg>
<status status="PASS" start="2025-12-02T16:46:13.374047" elapsed="0.000000"/>
</kw>
<kw name="Should Be Equal As Numbers" owner="BuiltIn">
<msg time="2025-12-02T16:46:13.374047" level="INFO">Argument types are:
&lt;class 'int'&gt;
&lt;class 'str'&gt;</msg>
<arg>${max_value}</arg>
<arg>40</arg>
<doc>Fails if objects are unequal after converting them to real numbers.</doc>
<status status="PASS" start="2025-12-02T16:46:13.374047" elapsed="0.000000"/>
</kw>
<status status="PASS" start="2025-12-02T16:46:13.374047" elapsed="0.000000"/>
</kw>
<kw name="Teardown" owner="pytest_robotframework._internal.robot.library" type="TEARDOWN">
<msg time="2025-12-02T16:46:13.374047" level="INFO">Error taking screenshot: 'RobotItem' object has no attribute 'funcargs'</msg>
<status status="PASS" start="2025-12-02T16:46:13.374047" elapsed="0.000000"/>
</kw>
<status status="PASS" start="2025-12-02T16:46:13.374047" elapsed="0.000000"/>
</test>
<test id="s1-s1-s1-t3" name="Check Lists Combined" line="70">
<kw name="Setup" owner="pytest_robotframework._internal.robot.library" type="SETUP">
<status status="PASS" start="2025-12-02T16:46:13.374047" elapsed="0.000000"/>
</kw>
<kw name="Run Test" owner="pytest_robotframework._internal.robot.library">
<kw name="Create List" owner="BuiltIn">
<msg time="2025-12-02T16:46:13.374047" level="INFO">${list1} = ['a', 'b', 'c']</msg>
<var>${list1}</var>
<arg>@{A}</arg>
<doc>Returns a list containing given items.</doc>
<status status="PASS" start="2025-12-02T16:46:13.374047" elapsed="0.000000"/>
</kw>
<kw name="Create List" owner="BuiltIn">
<msg time="2025-12-02T16:46:13.374047" level="INFO">${list2} = ['1', '2', '3']</msg>
<var>${list2}</var>
<arg>@{B}</arg>
<doc>Returns a list containing given items.</doc>
<status status="PASS" start="2025-12-02T16:46:13.374047" elapsed="0.000000"/>
</kw>
<kw name="Combine Two Lists">
<kw name="Combine Lists" owner="Collections">
<msg time="2025-12-02T16:46:13.374047" level="INFO">${combine_lists} = ['a', 'b', 'c', '1', '2', '3']</msg>
<var>${combine_lists}</var>
<arg>${list_1}</arg>
<arg>${list_2}</arg>
<doc>Combines the given ``lists`` together and returns the result.</doc>
<status status="PASS" start="2025-12-02T16:46:13.374047" elapsed="0.000000"/>
</kw>
<return>
<value>${combine_lists}</value>
<status status="PASS" start="2025-12-02T16:46:13.374047" elapsed="0.000000"/>
</return>
<msg time="2025-12-02T16:46:13.374047" level="INFO">${combined_list} = ['a', 'b', 'c', '1', '2', '3']</msg>
<var>${combined_list}</var>
<arg>${list1}</arg>
<arg>${list2}</arg>
<status status="PASS" start="2025-12-02T16:46:13.374047" elapsed="0.000000"/>
</kw>
<kw name="Length Should Be" owner="BuiltIn">
<msg time="2025-12-02T16:46:13.374047" level="INFO">Length is 6.</msg>
<arg>${combined_list}</arg>
<arg>6</arg>
<doc>Verifies that the length of the given item is correct.</doc>
<status status="PASS" start="2025-12-02T16:46:13.374047" elapsed="0.000000"/>
</kw>
<status status="PASS" start="2025-12-02T16:46:13.374047" elapsed="0.000000"/>
</kw>
<kw name="Teardown" owner="pytest_robotframework._internal.robot.library" type="TEARDOWN">
<msg time="2025-12-02T16:46:13.374047" level="INFO">Error taking screenshot: 'RobotItem' object has no attribute 'funcargs'</msg>
<status status="PASS" start="2025-12-02T16:46:13.374047" elapsed="0.000000"/>
</kw>
<status status="PASS" start="2025-12-02T16:46:13.374047" elapsed="0.000000"/>
</test>
<test id="s1-s1-s1-t4" name="Check Valid User Data" line="76">
<kw name="Setup" owner="pytest_robotframework._internal.robot.library" type="SETUP">
<status status="PASS" start="2025-12-02T16:46:13.374047" elapsed="0.015724"/>
</kw>
<kw name="Run Test" owner="pytest_robotframework._internal.robot.library">
<kw name="Check User Data">
<kw name="Dictionary Should Contain Key" owner="Collections">
<arg>${user_data}</arg>
<arg>role</arg>
<doc>Fails if ``key`` is not found from ``dictionary``.</doc>
<status status="PASS" start="2025-12-02T16:46:13.390867" elapsed="0.000000"/>
</kw>
<kw name="Should Be Equal" owner="BuiltIn">
<arg>${user_data["role"]}</arg>
<arg>admin</arg>
<doc>Fails if the given objects are unequal.</doc>
<status status="PASS" start="2025-12-02T16:46:13.390867" elapsed="0.000000"/>
</kw>
<arg>&amp;{USER}</arg>
<status status="PASS" start="2025-12-02T16:46:13.390319" elapsed="0.000548"/>
</kw>
<kw name="Print Name">
<kw name="Set Variable" owner="BuiltIn">
<msg time="2025-12-02T16:46:13.392918" level="INFO">${name} = Alice</msg>
<var>${name}</var>
<arg>${user_data["name"]}</arg>
<doc>Returns the given values which can then be assigned to a variables.</doc>
<status status="PASS" start="2025-12-02T16:46:13.390867" elapsed="0.002051"/>
</kw>
<kw name="Dictionary Should Contain Key" owner="Collections">
<arg>${user_data}</arg>
<arg>name</arg>
<doc>Fails if ``key`` is not found from ``dictionary``.</doc>
<status status="PASS" start="2025-12-02T16:46:13.392918" elapsed="0.000000"/>
</kw>
<kw name="Should Be Equal" owner="BuiltIn">
<arg>${name}</arg>
<arg>Alice</arg>
<doc>Fails if the given objects are unequal.</doc>
<status status="PASS" start="2025-12-02T16:46:13.392918" elapsed="0.000000"/>
</kw>
<kw name="Log To Console" owner="BuiltIn">
<arg>${name}</arg>
<doc>Logs the given message to the console.</doc>
<status status="PASS" start="2025-12-02T16:46:13.392918" elapsed="0.000000"/>
</kw>
<arg>&amp;{USER}</arg>
<status status="PASS" start="2025-12-02T16:46:13.390867" elapsed="0.002051"/>
</kw>
<status status="PASS" start="2025-12-02T16:46:13.390319" elapsed="0.002599"/>
</kw>
<kw name="Teardown" owner="pytest_robotframework._internal.robot.library" type="TEARDOWN">
<msg time="2025-12-02T16:46:13.392918" level="INFO">Error taking screenshot: 'RobotItem' object has no attribute 'funcargs'</msg>
<status status="PASS" start="2025-12-02T16:46:13.392918" elapsed="0.000000"/>
</kw>
<status status="PASS" start="2025-12-02T16:46:13.374047" elapsed="0.018871"/>
</test>
<test id="s1-s1-s1-t5" name="Try Update Item" line="80">
<kw name="Setup" owner="pytest_robotframework._internal.robot.library" type="SETUP">
<status status="PASS" start="2025-12-02T16:46:13.392918" elapsed="0.000000"/>
</kw>
<kw name="Run Test" owner="pytest_robotframework._internal.robot.library">
<kw name="Update Item">
<kw name="Set To Dictionary" owner="Collections">
<msg time="2025-12-02T16:46:13.392918" level="INFO">${updated_item} = {'id': '123', 'price': '75'}</msg>
<var>${updated_item}</var>
<arg>${item}</arg>
<arg>price</arg>
<arg>75</arg>
<doc>Adds the given ``key_value_pairs`` and/or ``items`` to the ``dictionary``.</doc>
<status status="PASS" start="2025-12-02T16:46:13.392918" elapsed="0.000000"/>
</kw>
<kw name="Should Be Equal As Numbers" owner="BuiltIn">
<arg>${item["price"]}</arg>
<arg>75</arg>
<doc>Fails if objects are unequal after converting them to real numbers.</doc>
<status status="PASS" start="2025-12-02T16:46:13.392918" elapsed="0.000000"/>
</kw>
<arg>&amp;{ITEM}</arg>
<status status="PASS" start="2025-12-02T16:46:13.392918" elapsed="0.000000"/>
</kw>
<status status="PASS" start="2025-12-02T16:46:13.392918" elapsed="0.000000"/>
</kw>
<kw name="Teardown" owner="pytest_robotframework._internal.robot.library" type="TEARDOWN">
<msg time="2025-12-02T16:46:13.401460" level="INFO">Error taking screenshot: 'RobotItem' object has no attribute 'funcargs'</msg>
<status status="PASS" start="2025-12-02T16:46:13.392918" elapsed="0.008542"/>
</kw>
<status status="PASS" start="2025-12-02T16:46:13.392918" elapsed="0.008542"/>
</test>
<test id="s1-s1-s1-t6" name="Say Hello" line="83">
<kw name="Setup" owner="pytest_robotframework._internal.robot.library" type="SETUP">
<status status="PASS" start="2025-12-02T16:46:13.401460" elapsed="0.000000"/>
</kw>
<kw name="Run Test" owner="pytest_robotframework._internal.robot.library">
<kw name="Hello">
<kw name="Log To Console" owner="BuiltIn">
<arg>Hello, ${name}</arg>
<doc>Logs the given message to the console.</doc>
<status status="PASS" start="2025-12-02T16:46:13.401460" elapsed="0.000000"/>
</kw>
<arg>Slepen</arg>
<status status="PASS" start="2025-12-02T16:46:13.401460" elapsed="0.000000"/>
</kw>
<status status="PASS" start="2025-12-02T16:46:13.401460" elapsed="0.000000"/>
</kw>
<kw name="Teardown" owner="pytest_robotframework._internal.robot.library" type="TEARDOWN">
<msg time="2025-12-02T16:46:13.401460" level="INFO">Error taking screenshot: 'RobotItem' object has no attribute 'funcargs'</msg>
<status status="PASS" start="2025-12-02T16:46:13.401460" elapsed="0.000000"/>
</kw>
<status status="PASS" start="2025-12-02T16:46:13.401460" elapsed="0.000000"/>
</test>
<test id="s1-s1-s1-t7" name="Get List Length" line="86">
<kw name="Setup" owner="pytest_robotframework._internal.robot.library" type="SETUP">
<status status="PASS" start="2025-12-02T16:46:13.401460" elapsed="0.000000"/>
</kw>
<kw name="Run Test" owner="pytest_robotframework._internal.robot.library">
<kw name="Show List Length">
<kw name="Get Length" owner="BuiltIn">
<msg time="2025-12-02T16:46:13.401460" level="INFO">Length is 5.</msg>
<msg time="2025-12-02T16:46:13.401460" level="INFO">${list_length} = 5</msg>
<var>${list_length}</var>
<arg>${list}</arg>
<doc>Returns and logs the length of the given item as an integer.</doc>
<status status="PASS" start="2025-12-02T16:46:13.401460" elapsed="0.000000"/>
</kw>
<kw name="Log To Console" owner="BuiltIn">
<arg>${list_length}</arg>
<doc>Logs the given message to the console.</doc>
<status status="PASS" start="2025-12-02T16:46:13.401460" elapsed="0.000000"/>
</kw>
<arg>@{NUMBERS}</arg>
<status status="PASS" start="2025-12-02T16:46:13.401460" elapsed="0.000000"/>
</kw>
<status status="PASS" start="2025-12-02T16:46:13.401460" elapsed="0.000000"/>
</kw>
<kw name="Teardown" owner="pytest_robotframework._internal.robot.library" type="TEARDOWN">
<msg time="2025-12-02T16:46:13.401460" level="INFO">Error taking screenshot: 'RobotItem' object has no attribute 'funcargs'</msg>
<status status="PASS" start="2025-12-02T16:46:13.401460" elapsed="0.000000"/>
</kw>
<status status="PASS" start="2025-12-02T16:46:13.401460" elapsed="0.000000"/>
</test>
<test id="s1-s1-s1-t8" name="Should Print When Number Greater Then 10" line="89">
<kw name="Setup" owner="pytest_robotframework._internal.robot.library" type="SETUP">
<status status="PASS" start="2025-12-02T16:46:13.401460" elapsed="0.000000"/>
</kw>
<kw name="Run Test" owner="pytest_robotframework._internal.robot.library">
<kw name="Print Message If Number Greater 10">
<kw name="Run Keyword If" owner="BuiltIn">
<kw name="Log To Console" owner="BuiltIn">
<arg>OK</arg>
<doc>Logs the given message to the console.</doc>
<status status="PASS" start="2025-12-02T16:46:13.401460" elapsed="0.000000"/>
</kw>
<arg>${number} &gt;= 10</arg>
<arg>Log To Console</arg>
<arg>OK</arg>
<arg>ELSE</arg>
<arg>Log To Console</arg>
<arg>Too small</arg>
<doc>Runs the given keyword with the given arguments, if ``condition`` is true.</doc>
<status status="PASS" start="2025-12-02T16:46:13.401460" elapsed="0.000000"/>
</kw>
<arg>${VALUE}</arg>
<status status="PASS" start="2025-12-02T16:46:13.401460" elapsed="0.000000"/>
</kw>
<status status="PASS" start="2025-12-02T16:46:13.401460" elapsed="0.000000"/>
</kw>
<kw name="Teardown" owner="pytest_robotframework._internal.robot.library" type="TEARDOWN">
<msg time="2025-12-02T16:46:13.401460" level="INFO">Error taking screenshot: 'RobotItem' object has no attribute 'funcargs'</msg>
<status status="PASS" start="2025-12-02T16:46:13.401460" elapsed="0.000000"/>
</kw>
<status status="PASS" start="2025-12-02T16:46:13.401460" elapsed="0.000000"/>
</test>
<test id="s1-s1-s1-t9" name="Should Repeat 3 Times" line="92">
<kw name="Setup" owner="pytest_robotframework._internal.robot.library" type="SETUP">
<status status="PASS" start="2025-12-02T16:46:13.417891" elapsed="0.000000"/>
</kw>
<kw name="Run Test" owner="pytest_robotframework._internal.robot.library">
<kw name="Repeat Keyword" owner="BuiltIn">
<msg time="2025-12-02T16:46:13.417891" level="INFO">Repeating keyword, round 1/3.</msg>
<kw name="Repeat Message">
<kw name="Log To Console" owner="BuiltIn">
<arg>${text}</arg>
<doc>Logs the given message to the console.</doc>
<status status="PASS" start="2025-12-02T16:46:13.417891" elapsed="0.000000"/>
</kw>
<arg>${VALUE}</arg>
<status status="PASS" start="2025-12-02T16:46:13.417891" elapsed="0.000000"/>
</kw>
<msg time="2025-12-02T16:46:13.417891" level="INFO">Repeating keyword, round 2/3.</msg>
<kw name="Repeat Message">
<kw name="Log To Console" owner="BuiltIn">
<arg>${text}</arg>
<doc>Logs the given message to the console.</doc>
<status status="PASS" start="2025-12-02T16:46:13.417891" elapsed="0.000000"/>
</kw>
<arg>${VALUE}</arg>
<status status="PASS" start="2025-12-02T16:46:13.417891" elapsed="0.000000"/>
</kw>
<msg time="2025-12-02T16:46:13.417891" level="INFO">Repeating keyword, round 3/3.</msg>
<kw name="Repeat Message">
<kw name="Log To Console" owner="BuiltIn">
<arg>${text}</arg>
<doc>Logs the given message to the console.</doc>
<status status="PASS" start="2025-12-02T16:46:13.417891" elapsed="0.000000"/>
</kw>
<arg>${VALUE}</arg>
<status status="PASS" start="2025-12-02T16:46:13.417891" elapsed="0.000000"/>
</kw>
<arg>3</arg>
<arg>Repeat Message</arg>
<arg>${VALUE}</arg>
<doc>Executes the specified keyword multiple times.</doc>
<status status="PASS" start="2025-12-02T16:46:13.417891" elapsed="0.000000"/>
</kw>
<status status="PASS" start="2025-12-02T16:46:13.417891" elapsed="0.000000"/>
</kw>
<kw name="Teardown" owner="pytest_robotframework._internal.robot.library" type="TEARDOWN">
<msg time="2025-12-02T16:46:13.417891" level="INFO">Error taking screenshot: 'RobotItem' object has no attribute 'funcargs'</msg>
<status status="PASS" start="2025-12-02T16:46:13.417891" elapsed="0.000000"/>
</kw>
<status status="PASS" start="2025-12-02T16:46:13.417891" elapsed="0.000000"/>
</test>
<status status="PASS" start="2025-12-02T16:46:13.337760" elapsed="0.080131"/>
</suite>
<suite id="s1-s1-s2" name="Tests" source="D:\PythonProjects\AQA\PlayWright\playwright-study\robot-framework\tests">
<suite id="s1-s1-s2-s1" name="Login Tests" source="D:\PythonProjects\AQA\PlayWright\playwright-study\robot-framework\tests\login_tests.robot">
<kw name="Open App" owner="BaseKeywords" type="SETUP">
<kw name="Log To Console" owner="BuiltIn">
<arg>Open app...</arg>
<doc>Logs the given message to the console.</doc>
<status status="PASS" start="2025-12-02T16:46:13.433525" elapsed="0.000000"/>
</kw>
<status status="PASS" start="2025-12-02T16:46:13.433525" elapsed="0.000000"/>
</kw>
<test id="s1-s1-s2-s1-t1" name="Valid User Login" line="10">
<kw name="Setup" owner="pytest_robotframework._internal.robot.library" type="SETUP">
<kw name="test_valid_user_login">
<msg time="2025-12-02T16:46:13.433525" level="FAIL">No keyword with name 'test_valid_user_login' found.</msg>
<status status="FAIL" start="2025-12-02T16:46:13.433525" elapsed="0.000000">No keyword with name 'test_valid_user_login' found.</status>
</kw>
<status status="FAIL" start="2025-12-02T16:46:13.433525" elapsed="1.058451">No keyword with name 'test_valid_user_login' found.</status>
</kw>
<kw name="Teardown" owner="pytest_robotframework._internal.robot.library" type="TEARDOWN">
<msg time="2025-12-02T16:46:14.491976" level="INFO">Error taking screenshot: 'RobotItem' object has no attribute 'funcargs'</msg>
<status status="PASS" start="2025-12-02T16:46:14.491976" elapsed="0.000000"/>
</kw>
<status status="FAIL" start="2025-12-02T16:46:13.433525" elapsed="1.058451">Setup failed:
No keyword with name 'test_valid_user_login' found.</status>
</test>
<kw name="Close App" owner="BaseKeywords" type="TEARDOWN">
<kw name="Log To Console" owner="BuiltIn">
<arg>Close app...</arg>
<doc>Logs the given message to the console.</doc>
<status status="PASS" start="2025-12-02T16:46:14.507765" elapsed="0.000000"/>
</kw>
<status status="PASS" start="2025-12-02T16:46:14.507765" elapsed="0.000000"/>
</kw>
<status status="FAIL" start="2025-12-02T16:46:13.417891" elapsed="1.089874"/>
</suite>
<status status="FAIL" start="2025-12-02T16:46:13.417891" elapsed="1.089874"/>
</suite>
<status status="FAIL" start="2025-12-02T16:46:13.337760" elapsed="1.170005"/>
</suite>
<suite id="s1-s2" name="Tests" source="D:\PythonProjects\AQA\PlayWright\playwright-study\tests">
<suite id="s1-s2-s1" name="E2E" source="D:\PythonProjects\AQA\PlayWright\playwright-study\tests\e2e">
<suite id="s1-s2-s1-s1" name="Test Successful Purchase" source="D:\PythonProjects\AQA\PlayWright\playwright-study\tests\e2e\test_successful_purchase.py">
<test id="s1-s2-s1-s1-t1" name="test_user_can_purchase_item[chromium-login0]">
<kw name="Setup" owner="pytest_robotframework._internal.robot.library" type="SETUP">
<status status="PASS" start="2025-12-02T16:46:14.523275" elapsed="21.787486"/>
</kw>
<kw name="Run Test" owner="pytest_robotframework._internal.robot.library">
<status status="PASS" start="2025-12-02T16:46:36.311760" elapsed="0.745316"/>
</kw>
<kw name="Teardown" owner="pytest_robotframework._internal.robot.library" type="TEARDOWN">
<status status="PASS" start="2025-12-02T16:46:37.057587" elapsed="0.413380"/>
</kw>
<tag>allure_label</tag>
<tag>e2e</tag>
<tag>parametrize</tag>
<tag>smoke</tag>
<status status="PASS" start="2025-12-02T16:46:14.523275" elapsed="22.947692"/>
</test>
<status status="PASS" start="2025-12-02T16:46:14.523275" elapsed="22.947692"/>
</suite>
<status status="PASS" start="2025-12-02T16:46:14.507765" elapsed="22.963202"/>
</suite>
<suite id="s1-s2-s2" name="Ui" source="D:\PythonProjects\AQA\PlayWright\playwright-study\tests\ui">
<suite id="s1-s2-s2-s1" name="Test Cart Page" source="D:\PythonProjects\AQA\PlayWright\playwright-study\tests\ui\test_cart_page.py">
<test id="s1-s2-s2-s1-t1" name="test_remove_item_from_cart[auth_state0-chromium]">
<kw name="Setup" owner="pytest_robotframework._internal.robot.library" type="SETUP">
<status status="PASS" start="2025-12-02T16:46:37.486641" elapsed="1.971994"/>
</kw>
<kw name="Run Test" owner="pytest_robotframework._internal.robot.library">
<status status="PASS" start="2025-12-02T16:46:39.458635" elapsed="0.198515"/>
</kw>
<kw name="Teardown" owner="pytest_robotframework._internal.robot.library" type="TEARDOWN">
<status status="PASS" start="2025-12-02T16:46:39.659126" elapsed="0.009047"/>
</kw>
<tag>allure_label</tag>
<status status="PASS" start="2025-12-02T16:46:37.486641" elapsed="2.181532"/>
</test>
<status status="PASS" start="2025-12-02T16:46:37.470967" elapsed="2.303985"/>
</suite>
<suite id="s1-s2-s2-s2" name="Test Checkout Pages" source="D:\PythonProjects\AQA\PlayWright\playwright-study\tests\ui\test_checkout_pages.py">
<test id="s1-s2-s2-s2-t1" name="test_valid_input_on_checkout_step_one_page[auth_state0-chromium-John-Hill-123456]">
<kw name="Setup" owner="pytest_robotframework._internal.robot.library" type="SETUP">
<status status="PASS" start="2025-12-02T16:46:39.774952" elapsed="1.146481"/>
</kw>
<kw name="Run Test" owner="pytest_robotframework._internal.robot.library">
<status status="PASS" start="2025-12-02T16:46:40.922438" elapsed="0.304049"/>
</kw>
<kw name="Teardown" owner="pytest_robotframework._internal.robot.library" type="TEARDOWN">
<status status="PASS" start="2025-12-02T16:46:41.227514" elapsed="0.015501"/>
</kw>
<tag>allure_label</tag>
<tag>parametrize</tag>
<status status="PASS" start="2025-12-02T16:46:39.774952" elapsed="1.468063"/>
</test>
<test id="s1-s2-s2-s2-t2" name="test_check_correct_info_checkout_two_page[auth_state0-chromium]">
<kw name="Setup" owner="pytest_robotframework._internal.robot.library" type="SETUP">
<status status="PASS" start="2025-12-02T16:46:41.243015" elapsed="1.167336"/>
</kw>
<kw name="Run Test" owner="pytest_robotframework._internal.robot.library">
<status status="PASS" start="2025-12-02T16:46:42.411349" elapsed="0.377043"/>
</kw>
<kw name="Teardown" owner="pytest_robotframework._internal.robot.library" type="TEARDOWN">
<status status="PASS" start="2025-12-02T16:46:42.788392" elapsed="0.009149"/>
</kw>
<tag>allure_label</tag>
<status status="PASS" start="2025-12-02T16:46:41.243015" elapsed="1.554526"/>
</test>
<test id="s1-s2-s2-s2-t3" name="test_checkout_complete_page[auth_state0-chromium]">
<kw name="Setup" owner="pytest_robotframework._internal.robot.library" type="SETUP">
<status status="PASS" start="2025-12-02T16:46:42.797541" elapsed="1.189557"/>
</kw>
<kw name="Run Test" owner="pytest_robotframework._internal.robot.library">
<status status="PASS" start="2025-12-02T16:46:43.987098" elapsed="0.474126"/>
</kw>
<kw name="Teardown" owner="pytest_robotframework._internal.robot.library" type="TEARDOWN">
<status status="PASS" start="2025-12-02T16:46:44.461224" elapsed="0.012929"/>
</kw>
<tag>allure_label</tag>
<status status="PASS" start="2025-12-02T16:46:42.797541" elapsed="1.676612"/>
</test>
<status status="PASS" start="2025-12-02T16:46:39.774952" elapsed="4.699201"/>
</suite>
<suite id="s1-s2-s2-s3" name="Test Login Page" source="D:\PythonProjects\AQA\PlayWright\playwright-study\tests\ui\test_login_page.py">
<test id="s1-s2-s2-s3-t1" name="test_valid_user_login[chromium-login0]">
<kw name="Setup" owner="pytest_robotframework._internal.robot.library" type="SETUP">
<status status="PASS" start="2025-12-02T16:46:44.474153" elapsed="0.858279"/>
</kw>
<kw name="Run Test" owner="pytest_robotframework._internal.robot.library">
<status status="PASS" start="2025-12-02T16:46:45.332432" elapsed="0.020689"/>
</kw>
<kw name="Teardown" owner="pytest_robotframework._internal.robot.library" type="TEARDOWN">
<status status="PASS" start="2025-12-02T16:46:45.353121" elapsed="0.157912"/>
</kw>
<tag>allure_label</tag>
<tag>parametrize</tag>
<status status="PASS" start="2025-12-02T16:46:44.474153" elapsed="1.036880"/>
</test>
<test id="s1-s2-s2-s3-t2" name="test_invalid_user_login[chromium-invalid-invalid-Epic sadface: Username and password do not match any user in this service]">
<kw name="Setup" owner="pytest_robotframework._internal.robot.library" type="SETUP">
<status status="PASS" start="2025-12-02T16:46:45.526656" elapsed="0.078984"/>
</kw>
<kw name="Run Test" owner="pytest_robotframework._internal.robot.library">
<status status="PASS" start="2025-12-02T16:46:45.605640" elapsed="0.641796"/>
</kw>
<kw name="Teardown" owner="pytest_robotframework._internal.robot.library" type="TEARDOWN">
<status status="PASS" start="2025-12-02T16:46:46.256593" elapsed="0.110680"/>
</kw>
<tag>allure_label</tag>
<tag>parametrize</tag>
<status status="PASS" start="2025-12-02T16:46:45.526656" elapsed="0.840617"/>
</test>
<test id="s1-s2-s2-s3-t3" name="test_invalid_user_login[chromium--invalid-Epic sadface: Username is required]">
<kw name="Setup" owner="pytest_robotframework._internal.robot.library" type="SETUP">
<status status="PASS" start="2025-12-02T16:46:46.367273" elapsed="0.090581"/>
</kw>
<kw name="Run Test" owner="pytest_robotframework._internal.robot.library">
<status status="PASS" start="2025-12-02T16:46:46.458853" elapsed="0.692214"/>
</kw>
<kw name="Teardown" owner="pytest_robotframework._internal.robot.library" type="TEARDOWN">
<status status="PASS" start="2025-12-02T16:46:47.151067" elapsed="0.129820"/>
</kw>
<tag>allure_label</tag>
<tag>parametrize</tag>
<status status="PASS" start="2025-12-02T16:46:46.367273" elapsed="0.913614"/>
</test>
<test id="s1-s2-s2-s3-t4" name="test_invalid_user_login[chromium-invalid--Epic sadface: Password is required]">
<kw name="Setup" owner="pytest_robotframework._internal.robot.library" type="SETUP">
<status status="PASS" start="2025-12-02T16:46:47.293501" elapsed="0.088790"/>
</kw>
<kw name="Run Test" owner="pytest_robotframework._internal.robot.library">
<status status="PASS" start="2025-12-02T16:46:47.382291" elapsed="0.672660"/>
</kw>
<kw name="Teardown" owner="pytest_robotframework._internal.robot.library" type="TEARDOWN">
<status status="PASS" start="2025-12-02T16:46:48.054951" elapsed="0.120228"/>
</kw>
<tag>allure_label</tag>
<tag>parametrize</tag>
<status status="PASS" start="2025-12-02T16:46:47.293501" elapsed="0.881678"/>
</test>
<test id="s1-s2-s2-s3-t5" name="test_invalid_user_login[chromium-locked_out_user-secret_sauce-Epic sadface: Sorry, this user has been locked out.]">
<kw name="Setup" owner="pytest_robotframework._internal.robot.library" type="SETUP">
<status status="PASS" start="2025-12-02T16:46:48.175179" elapsed="0.083648"/>
</kw>
<kw name="Run Test" owner="pytest_robotframework._internal.robot.library">
<status status="PASS" start="2025-12-02T16:46:48.258827" elapsed="0.661761"/>
</kw>
<kw name="Teardown" owner="pytest_robotframework._internal.robot.library" type="TEARDOWN">
<status status="PASS" start="2025-12-02T16:46:48.920588" elapsed="0.133243"/>
</kw>
<tag>allure_label</tag>
<tag>parametrize</tag>
<status status="PASS" start="2025-12-02T16:46:48.175179" elapsed="0.878652"/>
</test>
<status status="PASS" start="2025-12-02T16:46:44.474153" elapsed="4.579678"/>
</suite>
<suite id="s1-s2-s2-s4" name="Test Main Page" source="D:\PythonProjects\AQA\PlayWright\playwright-study\tests\ui\test_main_page.py">
<test id="s1-s2-s2-s4-t1" name="test_add_first_item_to_cart[auth_state0-chromium]">
<kw name="Setup" owner="pytest_robotframework._internal.robot.library" type="SETUP">
<status status="PASS" start="2025-12-02T16:46:49.070114" elapsed="0.158910"/>
</kw>
<kw name="Run Test" owner="pytest_robotframework._internal.robot.library">
<status status="PASS" start="2025-12-02T16:46:49.229024" elapsed="0.784235"/>
</kw>
<kw name="Teardown" owner="pytest_robotframework._internal.robot.library" type="TEARDOWN">
<status status="PASS" start="2025-12-02T16:46:50.013259" elapsed="0.059057"/>
</kw>
<tag>allure_label</tag>
<status status="PASS" start="2025-12-02T16:46:49.053831" elapsed="1.018485"/>
</test>
<test id="s1-s2-s2-s4-t2" name="test_remove_item_from_main_page[auth_state0-chromium]">
<kw name="Setup" owner="pytest_robotframework._internal.robot.library" type="SETUP">
<status status="PASS" start="2025-12-02T16:46:50.072316" elapsed="1.063705"/>
</kw>
<kw name="Run Test" owner="pytest_robotframework._internal.robot.library">
<status status="PASS" start="2025-12-02T16:46:51.136021" elapsed="0.283033"/>
</kw>
<kw name="Teardown" owner="pytest_robotframework._internal.robot.library" type="TEARDOWN">
<status status="PASS" start="2025-12-02T16:46:51.419054" elapsed="0.084036"/>
</kw>
<tag>allure_label</tag>
<status status="PASS" start="2025-12-02T16:46:50.072316" elapsed="1.430774"/>
</test>
<status status="PASS" start="2025-12-02T16:46:49.053831" elapsed="2.464898"/>
</suite>
<status status="PASS" start="2025-12-02T16:46:37.470967" elapsed="14.047762"/>
</suite>
<status status="PASS" start="2025-12-02T16:46:14.507765" elapsed="37.010964"/>
</suite>
<status status="FAIL" start="2025-12-02T16:46:13.322135" elapsed="38.196594"/>
</suite>
<statistics>
<total>
<stat pass="21" fail="1" skip="0">All Tests</stat>
</total>
<tag>
<stat pass="12" fail="0" skip="0">allure_label</stat>
<stat pass="1" fail="0" skip="0">e2e</stat>
<stat pass="7" fail="0" skip="0">parametrize</stat>
<stat pass="1" fail="0" skip="0">smoke</stat>
</tag>
<suite>
<stat name="Playwright-Study" id="s1" pass="21" fail="1" skip="0">Playwright-Study</stat>
<stat name="Robot-Framework" id="s1-s1" pass="9" fail="1" skip="0">Playwright-Study.Robot-Framework</stat>
<stat name="TestExample" id="s1-s1-s1" pass="9" fail="0" skip="0">Playwright-Study.Robot-Framework.TestExample</stat>
<stat name="Tests" id="s1-s1-s2" pass="0" fail="1" skip="0">Playwright-Study.Robot-Framework.Tests</stat>
<stat name="Login Tests" id="s1-s1-s2-s1" pass="0" fail="1" skip="0">Playwright-Study.Robot-Framework.Tests.Login Tests</stat>
<stat name="Tests" id="s1-s2" pass="12" fail="0" skip="0">Playwright-Study.Tests</stat>
<stat name="E2E" id="s1-s2-s1" pass="1" fail="0" skip="0">Playwright-Study.Tests.E2E</stat>
<stat name="Test Successful Purchase" id="s1-s2-s1-s1" pass="1" fail="0" skip="0">Playwright-Study.Tests.E2E.Test Successful Purchase</stat>
<stat name="Ui" id="s1-s2-s2" pass="11" fail="0" skip="0">Playwright-Study.Tests.Ui</stat>
<stat name="Test Cart Page" id="s1-s2-s2-s1" pass="1" fail="0" skip="0">Playwright-Study.Tests.Ui.Test Cart Page</stat>
<stat name="Test Checkout Pages" id="s1-s2-s2-s2" pass="3" fail="0" skip="0">Playwright-Study.Tests.Ui.Test Checkout Pages</stat>
<stat name="Test Login Page" id="s1-s2-s2-s3" pass="5" fail="0" skip="0">Playwright-Study.Tests.Ui.Test Login Page</stat>
<stat name="Test Main Page" id="s1-s2-s2-s4" pass="2" fail="0" skip="0">Playwright-Study.Tests.Ui.Test Main Page</stat>
</suite>
</statistics>
<errors>
</errors>
</robot>
